<?xml version="1.0" encoding="UTF-8" ?>
<testsuite tests="17" failures="0" name="com.keycloak.service.ServiceProviderTest" time="0.029" errors="0" skipped="0">
  <properties>
    <property name="java.runtime.name" value="Java(TM) SE Runtime Environment"/>
    <property name="sun.boot.library.path" value="C:\Program Files\Java\jdk1.8.0_202\jre\bin"/>
    <property name="java.vm.version" value="25.202-b08"/>
    <property name="java.vm.vendor" value="Oracle Corporation"/>
    <property name="maven.multiModuleProjectDirectory" value="D:\JAVA REPOSITORY\KeyCloak\service"/>
    <property name="java.vendor.url" value="http://java.oracle.com/"/>
    <property name="path.separator" value=";"/>
    <property name="guice.disable.misplaced.annotation.check" value="true"/>
    <property name="java.vm.name" value="Java HotSpot(TM) 64-Bit Server VM"/>
    <property name="file.encoding.pkg" value="sun.io"/>
    <property name="user.script" value=""/>
    <property name="user.country" value="US"/>
    <property name="sun.java.launcher" value="SUN_STANDARD"/>
    <property name="sun.os.patch.level" value=""/>
    <property name="java.vm.specification.name" value="Java Virtual Machine Specification"/>
    <property name="user.dir" value="D:\JAVA REPOSITORY\KeyCloak\service"/>
    <property name="java.runtime.version" value="1.8.0_202-b08"/>
    <property name="java.awt.graphicsenv" value="sun.awt.Win32GraphicsEnvironment"/>
    <property name="java.endorsed.dirs" value="C:\Program Files\Java\jdk1.8.0_202\jre\lib\endorsed"/>
    <property name="os.arch" value="amd64"/>
    <property name="java.io.tmpdir" value="C:\Users\1219\AppData\Local\Temp\"/>
    <property name="line.separator" value="
"/>
    <property name="java.vm.specification.vendor" value="Oracle Corporation"/>
    <property name="user.variant" value=""/>
    <property name="os.name" value="Windows 10"/>
    <property name="classworlds.conf" value="D:\SOFTWARES\apache-maven-3.8.4\bin\m2.conf"/>
    <property name="sun.jnu.encoding" value="Cp1252"/>
    <property name="java.library.path" value="C:\Program Files\Java\jdk1.8.0_202\bin;C:\Windows\Sun\Java\bin;C:\Windows\system32;C:\Windows;C:\Program Files (x86)\Common Files\Oracle\Java\javapath;C:\Program Files\Eclipse Adoptium\jdk-17.0.2.8-hotspot\bin;C:\Program Files\Common Files\Oracle\Java\javapath;C:\Windows\system32;C:\Windows;C:\Windows\System32\Wbem;C:\Windows\System32\WindowsPowerShell\v1.0\;C:\Windows\System32\OpenSSH\;C:\Program Files\Git\cmd;C:\Program Files\nodejs\;D:\SOFTWARES\apache-maven-3.8.4\bin;;C:\Program Files\Docker\Docker\resources\bin;C:\ProgramData\DockerDesktop\version-bin;C:\Users\1219\AppData\Local\Programs\Python\Python310\Scripts\;C:\Users\1219\AppData\Local\Programs\Python\Python310\;C:\Program Files\MySQL\MySQL Shell 8.0\bin\;C:\Users\1219\AppData\Local\Microsoft\WindowsApps;C:\Users\1219\AppData\Local\Programs\Microsoft VS Code\bin;C:\Users\1219\AppData\Local\GitHubDesktop\bin;C:\Users\1219\AppData\Roaming\npm;C:\Program Files\nodejs;D:\SOFTWARES\apache-maven-3.8.4\bin;;."/>
    <property name="maven.conf" value="D:\SOFTWARES\apache-maven-3.8.4/conf"/>
    <property name="java.specification.name" value="Java Platform API Specification"/>
    <property name="java.class.version" value="52.0"/>
    <property name="sun.management.compiler" value="HotSpot 64-Bit Tiered Compilers"/>
    <property name="os.version" value="10.0"/>
    <property name="library.jansi.path" value="D:\SOFTWARES\apache-maven-3.8.4\lib\jansi-native"/>
    <property name="user.home" value="C:\Users\1219"/>
    <property name="user.timezone" value="Asia/Calcutta"/>
    <property name="java.awt.printerjob" value="sun.awt.windows.WPrinterJob"/>
    <property name="java.specification.version" value="1.8"/>
    <property name="file.encoding" value="Cp1252"/>
    <property name="user.name" value="1219"/>
    <property name="java.class.path" value="D:\SOFTWARES\apache-maven-3.8.4\boot\plexus-classworlds-2.6.0.jar"/>
    <property name="java.vm.specification.version" value="1.8"/>
    <property name="sun.arch.data.model" value="64"/>
    <property name="java.home" value="C:\Program Files\Java\jdk1.8.0_202\jre"/>
    <property name="sun.java.command" value="org.codehaus.plexus.classworlds.launcher.Launcher package -f d:\JAVA REPOSITORY\KeyCloak\service\pom.xml"/>
    <property name="java.specification.vendor" value="Oracle Corporation"/>
    <property name="user.language" value="en"/>
    <property name="awt.toolkit" value="sun.awt.windows.WToolkit"/>
    <property name="java.vm.info" value="mixed mode"/>
    <property name="java.version" value="1.8.0_202"/>
    <property name="java.ext.dirs" value="C:\Program Files\Java\jdk1.8.0_202\jre\lib\ext;C:\Windows\Sun\Java\lib\ext"/>
    <property name="sun.boot.class.path" value="C:\Program Files\Java\jdk1.8.0_202\jre\lib\resources.jar;C:\Program Files\Java\jdk1.8.0_202\jre\lib\rt.jar;C:\Program Files\Java\jdk1.8.0_202\jre\lib\sunrsasign.jar;C:\Program Files\Java\jdk1.8.0_202\jre\lib\jsse.jar;C:\Program Files\Java\jdk1.8.0_202\jre\lib\jce.jar;C:\Program Files\Java\jdk1.8.0_202\jre\lib\charsets.jar;C:\Program Files\Java\jdk1.8.0_202\jre\lib\jfr.jar;C:\Program Files\Java\jdk1.8.0_202\jre\classes"/>
    <property name="sun.stderr.encoding" value="cp437"/>
    <property name="java.vendor" value="Oracle Corporation"/>
    <property name="maven.home" value="D:\SOFTWARES\apache-maven-3.8.4"/>
    <property name="file.separator" value="\"/>
    <property name="java.vendor.url.bug" value="http://bugreport.sun.com/bugreport/"/>
    <property name="sun.cpu.endian" value="little"/>
    <property name="sun.io.unicode.encoding" value="UnicodeLittle"/>
    <property name="sun.stdout.encoding" value="cp437"/>
    <property name="sun.desktop" value="windows"/>
    <property name="sun.cpu.isalist" value="amd64"/>
  </properties>
  <testcase classname="com.keycloak.service.ServiceProviderTest" name="testSelectUserListForSuccess" time="0.025"/>
  <testcase classname="com.keycloak.service.ServiceProviderTest" name="testSelectUserListForValidationError" time="0"/>
  <testcase classname="com.keycloak.service.ServiceProviderTest" name="testDeleteUserForPhoneValidationError" time="0"/>
  <testcase classname="com.keycloak.service.ServiceProviderTest" name="testEditUserForSuccess" time="0.001"/>
  <testcase classname="com.keycloak.service.ServiceProviderTest" name="testRemoveUserForSuccess" time="0"/>
  <testcase classname="com.keycloak.service.ServiceProviderTest" name="testEditUserForPhoneValidationError" time="0"/>
  <testcase classname="com.keycloak.service.ServiceProviderTest" name="testRemoveUserForPhoneValidationError" time="0"/>
  <testcase classname="com.keycloak.service.ServiceProviderTest" name="testCreateUserForError" time="0.002"/>
  <testcase classname="com.keycloak.service.ServiceProviderTest" name="testServiceLoginUserForSuccess" time="0"/>
  <testcase classname="com.keycloak.service.ServiceProviderTest" name="testSelectUserForValidationInvalidUserError" time="0"/>
  <testcase classname="com.keycloak.service.ServiceProviderTest" name="testServiceLoginUserForValidationError" time="0"/>
  <testcase classname="com.keycloak.service.ServiceProviderTest" name="testForValidationLesserOrZeroError" time="0"/>
  <testcase classname="com.keycloak.service.ServiceProviderTest" name="testSelectUserForSuccess" time="0"/>
  <testcase classname="com.keycloak.service.ServiceProviderTest" name="testForValidationTypeError" time="0"/>
  <testcase classname="com.keycloak.service.ServiceProviderTest" name="testCreateUserForSuccess" time="0.001"/>
  <testcase classname="com.keycloak.service.ServiceProviderTest" name="testDeleteUserForSuccess" time="0"/>
  <testcase classname="com.keycloak.service.ServiceProviderTest" name="testForValidationNullError" time="0"/>
</testsuite>